#
# A fatal error has been detected by the Java Runtime Environment:
#
#  EXCEPTION_ACCESS_VIOLATION (0xc0000005) at pc=0x000000005e422b4c, pid=13712, tid=0x0000000000002cb8
#
# JRE version: Java(TM) SE Runtime Environment (8.0_161-b12) (build 1.8.0_161-b12)
# Java VM: Java HotSpot(TM) 64-Bit Server VM (25.161-b12 mixed mode windows-amd64 compressed oops)
# Problematic frame:
# C  [jdwp.dll+0x22b4c]
#
# Failed to write core dump. Minidumps are not enabled by default on client versions of Windows
#
# If you would like to submit a bug report, please visit:
#   http://bugreport.java.com/bugreport/crash.jsp
# The crash happened outside the Java Virtual Machine in native code.
# See problematic frame for where to report the bug.
#

---------------  T H R E A D  ---------------

Current thread (0x0000000016462000):  JavaThread "JDWP Command Reader" daemon [_thread_in_native, id=11448, stack(0x0000000016b60000,0x0000000016c60000)]

siginfo: ExceptionCode=0xc0000005, reading address 0x0000000000000000

Registers:
RAX=0x000000005e42f5a0, RBX=0x000000000000000c, RCX=0x0000000000000000, RDX=0x0000000000000028
RSP=0x0000000016c5f6a0, RBP=0x0000000016c5f910, RSI=0x0000000000000004, RDI=0x000000005d7833c0
R8 =0x0000000016c5f708, R9 =0x7efefefefefeff6b, R10=0x81010101010100f8, R11=0x8101010101010100
R12=0x000000005e4291d8, R13=0x0000000016462ef8, R14=0x0000000000000000, R15=0x0000000000000000
RIP=0x000000005e422b4c, EFLAGS=0x0000000000010206

Top of Stack: (sp=0x0000000016c5f6a0)
0x0000000016c5f6a0:   0000000016c5f728 0000000000012017
0x0000000016c5f6b0:   0000000016c5f6e8 0000000000000018
0x0000000016c5f6c0:   0000000000000000 000000005d7823c0
0x0000000016c5f6d0:   c000012000002714 0000000000000000
0x0000000016c5f6e0:   0000000016c5f728 0000000016c5f7d8
0x0000000016c5f6f0:   000000005d7833c0 000000005d78108e
0x0000000016c5f700:   000000000000000c 0000000000000468
0x0000000016c5f710:   0000000000000004 00007fffdd079860
0x0000000016c5f720:   7075727265746e49 636e756620646574
0x0000000016c5f730:   6c6163206e6f6974 000000000000006c
0x0000000016c5f740:   0000000000000000 0000000000000000
0x0000000016c5f750:   00002e8205c6bb6c 000000005e4291d8
0x0000000016c5f760:   0000000000000404 00007fffdce30a55
0x0000000016c5f770:   0000000000002714 0000000000509c80
0x0000000016c5f780:   0000000000000004 0000000016c5f7c4
0x0000000016c5f790:   0000000016c5f828 0000000000000000 

Instructions: (pc=0x000000005e422b4c)
0x000000005e422b2c:   83 ec 50 48 63 d1 85 c9 75 07 33 c0 e9 84 00 00
0x000000005e422b3c:   00 48 8b 05 a4 d1 00 00 4c 8d 44 24 68 48 8b 08
0x000000005e422b4c:   48 8b 01 ff 90 68 01 00 00 8b f8 85 c0 74 61 8b
0x000000005e422b5c:   c8 e8 4e c8 fe ff 48 8b d8 ff 15 c5 46 00 00 c7 


Register to memory mapping:

RAX=0x000000005e42f5a0 is an unknown value
RBX=0x000000000000000c is an unknown value
RCX=0x0000000000000000 is an unknown value
RDX=0x0000000000000028 is an unknown value
RSP=0x0000000016c5f6a0 is pointing into the stack for thread: 0x0000000016462000
RBP=0x0000000016c5f910 is pointing into the stack for thread: 0x0000000016462000
RSI=0x0000000000000004 is an unknown value
RDI=0x000000005d7833c0 is an unknown value
R8 =0x0000000016c5f708 is pointing into the stack for thread: 0x0000000016462000
R9 =0x7efefefefefeff6b is an unknown value
R10=0x81010101010100f8 is an unknown value
R11=0x8101010101010100 is an unknown value
R12=0x000000005e4291d8 is an unknown value
R13=0x0000000016462ef8 is an unknown value
R14=0x0000000000000000 is an unknown value
R15=0x0000000000000000 is an unknown value


Stack: [0x0000000016b60000,0x0000000016c60000],  sp=0x0000000016c5f6a0,  free space=1021k
Native frames: (J=compiled Java code, j=interpreted, Vv=VM code, C=native code)
C  [jdwp.dll+0x22b4c]
C  [dt_socket.dll+0x108e]
C  [dt_socket.dll+0x15f6]
C  [jdwp.dll+0x1fcf5]
C  [jdwp.dll+0xed38]
V  [jvm.dll+0x1bd7da]
V  [jvm.dll+0x24533f]
V  [jvm.dll+0x29cc4a]
C  [msvcr100.dll+0x21d9f]
C  [msvcr100.dll+0x21e3b]
C  [KERNEL32.DLL+0x17e94]
C  [ntdll.dll+0x6a251]


---------------  P R O C E S S  ---------------

Java Threads: ( => current thread )
  0x000000001c3ad800 JavaThread "MySQL Statement Cancellation Timer" daemon [_thread_blocked, id=19092, stack(0x0000000024380000,0x0000000024480000)]
  0x0000000017689000 JavaThread "pool-5-thread-1" [_thread_in_native, id=11012, stack(0x0000000023680000,0x0000000023780000)]
  0x0000000018f2f800 JavaThread "Thread-1" [_thread_in_native, id=11140, stack(0x0000000019f20000,0x000000001a020000)]
  0x00000000164f8000 JavaThread "Service Thread" daemon [_thread_blocked, id=11868, stack(0x0000000016f60000,0x0000000017060000)]
  0x00000000164aa000 JavaThread "C1 CompilerThread2" daemon [_thread_blocked, id=4016, stack(0x0000000016e60000,0x0000000016f60000)]
  0x0000000016476000 JavaThread "C2 CompilerThread1" daemon [_thread_blocked, id=8984, stack(0x0000000016d60000,0x0000000016e60000)]
  0x000000001646f800 JavaThread "C2 CompilerThread0" daemon [_thread_blocked, id=19004, stack(0x0000000016c60000,0x0000000016d60000)]
=>0x0000000016462000 JavaThread "JDWP Command Reader" daemon [_thread_in_native, id=11448, stack(0x0000000016b60000,0x0000000016c60000)]
  0x00000000163a8000 JavaThread "JDWP Event Helper Thread" daemon [_thread_blocked, id=16116, stack(0x0000000016a60000,0x0000000016b60000)]
  0x000000001639c000 JavaThread "JDWP Transport Listener: dt_socket" daemon [_thread_blocked, id=8172, stack(0x0000000016960000,0x0000000016a60000)]
  0x0000000016395000 JavaThread "Attach Listener" daemon [_thread_blocked, id=5924, stack(0x0000000016860000,0x0000000016960000)]
  0x000000001504a800 JavaThread "Finalizer" daemon [_thread_blocked, id=10960, stack(0x0000000016260000,0x0000000016360000)]
  0x000000001501f000 JavaThread "Reference Handler" daemon [_thread_blocked, id=17184, stack(0x0000000016160000,0x0000000016260000)]
  0x000000000280c000 JavaThread "main" [_thread_blocked, id=4820, stack(0x0000000002900000,0x0000000002a00000)]

Other Threads:
  0x0000000015019000 VMThread [stack: 0x0000000016060000,0x0000000016160000] [id=18736]

VM state:at safepoint (normal execution)

VM Mutex/Monitor currently owned by a thread:  ([mutex/lock_event])
[0x0000000002808fd0] Threads_lock - owner thread: 0x0000000015019000

Heap:
 PSYoungGen      total 251904K, used 7365K [0x00000000eb300000, 0x00000000fd800000, 0x0000000100000000)
  eden space 234496K, 3% used [0x00000000eb300000,0x00000000eba317b8,0x00000000f9800000)
  from space 17408K, 0% used [0x00000000f9800000,0x00000000f9800000,0x00000000fa900000)
  to   space 18944K, 0% used [0x00000000fc580000,0x00000000fc580000,0x00000000fd800000)
 ParOldGen       total 93184K, used 29485K [0x00000000c1800000, 0x00000000c7300000, 0x00000000eb300000)
  object space 93184K, 31% used [0x00000000c1800000,0x00000000c34cb700,0x00000000c7300000)
 Metaspace       used 58242K, capacity 58763K, committed 59224K, reserved 1099776K
  class space    used 7804K, capacity 7935K, committed 8064K, reserved 1048576K

Card table byte_map: [0x0000000011dc0000,0x0000000011fc0000] byte_map_base: 0x00000000117b4000

Marking Bits: (ParMarkBitMap*) 0x000000005e35f860
 Begin Bits: [0x0000000012510000, 0x00000000134b0000)
 End Bits:   [0x00000000134b0000, 0x0000000014450000)

Polling page: 0x0000000000420000

CodeCache: size=245760Kb used=18929Kb max_used=18929Kb free=226830Kb
 bounds [0x0000000002a00000, 0x0000000003ca0000, 0x0000000011a00000]
 total_blobs=5577 nmethods=5022 adapters=475
 compilation: enabled

Compilation events (10 events):
Event: 66.306 Thread 0x00000000164aa000 5927  s    1       java.util.Hashtable::size (5 bytes)
Event: 66.306 Thread 0x00000000164aa000 nmethod 5927 0x0000000003c62990 code [0x0000000003c62ae0, 0x0000000003c62d50]
Event: 66.306 Thread 0x00000000164aa000 5928   !   3       javax.management.ObjectName::_getKeyPropertyList (95 bytes)
Event: 66.307 Thread 0x00000000164aa000 nmethod 5928 0x0000000003c5dd10 code [0x0000000003c5dee0, 0x0000000003c5e948]
Event: 66.308 Thread 0x00000000164aa000 5929       3       java.util.EventObject::<init> (24 bytes)
Event: 66.308 Thread 0x00000000164aa000 nmethod 5929 0x0000000003c5d750 code [0x0000000003c5d8e0, 0x0000000003c5dbc8]
Event: 66.308 Thread 0x00000000164aa000 5930       3       java.util.concurrent.CopyOnWriteArrayList::size (6 bytes)
Event: 66.308 Thread 0x00000000164aa000 nmethod 5930 0x0000000003c62590 code [0x0000000003c626e0, 0x0000000003c628d0]
Event: 66.308 Thread 0x00000000164aa000 5931       3       org.apache.logging.log4j.status.StatusLogger::isEnabled (39 bytes)
Event: 66.310 Thread 0x00000000164aa000 nmethod 5931 0x0000000003c5ccd0 code [0x0000000003c5ce60, 0x0000000003c5d4e8]

GC Heap History (10 events):
Event: 39.125 GC heap before
{Heap before GC invocations=20 (full 2):
 PSYoungGen      total 210944K, used 204241K [0x00000000eb300000, 0x00000000fa600000, 0x0000000100000000)
  eden space 198144K, 100% used [0x00000000eb300000,0x00000000f7480000,0x00000000f7480000)
  from space 12800K, 47% used [0x00000000f7480000,0x00000000f7a74570,0x00000000f8100000)
  to   space 12288K, 0% used [0x00000000f9a00000,0x00000000f9a00000,0x00000000fa600000)
 ParOldGen       total 71680K, used 25001K [0x00000000c1800000, 0x00000000c5e00000, 0x00000000eb300000)
  object space 71680K, 34% used [0x00000000c1800000,0x00000000c306a790,0x00000000c5e00000)
 Metaspace       used 46230K, capacity 46631K, committed 47192K, reserved 1089536K
  class space    used 6337K, capacity 6441K, committed 6528K, reserved 1048576K
Event: 39.134 GC heap after
Heap after GC invocations=20 (full 2):
 PSYoungGen      total 227328K, used 7273K [0x00000000eb300000, 0x00000000fa180000, 0x0000000100000000)
  eden space 219648K, 0% used [0x00000000eb300000,0x00000000eb300000,0x00000000f8980000)
  from space 7680K, 94% used [0x00000000f9a00000,0x00000000fa11a7f0,0x00000000fa180000)
  to   space 11776K, 0% used [0x00000000f8a80000,0x00000000f8a80000,0x00000000f9600000)
 ParOldGen       total 71680K, used 25009K [0x00000000c1800000, 0x00000000c5e00000, 0x00000000eb300000)
  object space 71680K, 34% used [0x00000000c1800000,0x00000000c306c790,0x00000000c5e00000)
 Metaspace       used 46230K, capacity 46631K, committed 47192K, reserved 1089536K
  class space    used 6337K, capacity 6441K, committed 6528K, reserved 1048576K
}
Event: 54.445 GC heap before
{Heap before GC invocations=21 (full 2):
 PSYoungGen      total 227328K, used 226921K [0x00000000eb300000, 0x00000000fa180000, 0x0000000100000000)
  eden space 219648K, 100% used [0x00000000eb300000,0x00000000f8980000,0x00000000f8980000)
  from space 7680K, 94% used [0x00000000f9a00000,0x00000000fa11a7f0,0x00000000fa180000)
  to   space 11776K, 0% used [0x00000000f8a80000,0x00000000f8a80000,0x00000000f9600000)
 ParOldGen       total 71680K, used 25009K [0x00000000c1800000, 0x00000000c5e00000, 0x00000000eb300000)
  object space 71680K, 34% used [0x00000000c1800000,0x00000000c306c790,0x00000000c5e00000)
 Metaspace       used 54215K, capacity 54603K, committed 55000K, reserved 1097728K
  class space    used 7307K, capacity 7407K, committed 7424K, reserved 1048576K
Event: 54.458 GC heap after
Heap after GC invocations=21 (full 2):
 PSYoungGen      total 232448K, used 10690K [0x00000000eb300000, 0x00000000fb580000, 0x0000000100000000)
  eden space 220672K, 0% used [0x00000000eb300000,0x00000000eb300000,0x00000000f8a80000)
  from space 11776K, 90% used [0x00000000f8a80000,0x00000000f94f09b0,0x00000000f9600000)
  to   space 12800K, 0% used [0x00000000fa900000,0x00000000fa900000,0x00000000fb580000)
 ParOldGen       total 71680K, used 25017K [0x00000000c1800000, 0x00000000c5e00000, 0x00000000eb300000)
  object space 71680K, 34% used [0x00000000c1800000,0x00000000c306e790,0x00000000c5e00000)
 Metaspace       used 54215K, capacity 54603K, committed 55000K, reserved 1097728K
  class space    used 7307K, capacity 7407K, committed 7424K, reserved 1048576K
}
Event: 64.890 GC heap before
{Heap before GC invocations=22 (full 2):
 PSYoungGen      total 232448K, used 231362K [0x00000000eb300000, 0x00000000fb580000, 0x0000000100000000)
  eden space 220672K, 100% used [0x00000000eb300000,0x00000000f8a80000,0x00000000f8a80000)
  from space 11776K, 90% used [0x00000000f8a80000,0x00000000f94f09b0,0x00000000f9600000)
  to   space 12800K, 0% used [0x00000000fa900000,0x00000000fa900000,0x00000000fb580000)
 ParOldGen       total 71680K, used 25017K [0x00000000c1800000, 0x00000000c5e00000, 0x00000000eb300000)
  object space 71680K, 34% used [0x00000000c1800000,0x00000000c306e790,0x00000000c5e00000)
 Metaspace       used 56968K, capacity 57421K, committed 57944K, reserved 1099776K
  class space    used 7661K, capacity 7786K, committed 7808K, reserved 1048576K
Event: 64.933 GC heap after
Heap after GC invocations=22 (full 2):
 PSYoungGen      total 247296K, used 12768K [0x00000000eb300000, 0x00000000fbe80000, 0x0000000100000000)
  eden space 234496K, 0% used [0x00000000eb300000,0x00000000eb300000,0x00000000f9800000)
  from space 12800K, 99% used [0x00000000fa900000,0x00000000fb578390,0x00000000fb580000)
  to   space 17408K, 0% used [0x00000000f9800000,0x00000000f9800000,0x00000000fa900000)
 ParOldGen       total 71680K, used 32962K [0x00000000c1800000, 0x00000000c5e00000, 0x00000000eb300000)
  object space 71680K, 45% used [0x00000000c1800000,0x00000000c3830968,0x00000000c5e00000)
 Metaspace       used 56968K, capacity 57421K, committed 57944K, reserved 1099776K
  class space    used 7661K, capacity 7786K, committed 7808K, reserved 1048576K
}
Event: 65.976 GC heap before
{Heap before GC invocations=23 (full 2):
 PSYoungGen      total 247296K, used 120214K [0x00000000eb300000, 0x00000000fbe80000, 0x0000000100000000)
  eden space 234496K, 45% used [0x00000000eb300000,0x00000000f1bed5d8,0x00000000f9800000)
  from space 12800K, 99% used [0x00000000fa900000,0x00000000fb578390,0x00000000fb580000)
  to   space 17408K, 0% used [0x00000000f9800000,0x00000000f9800000,0x00000000fa900000)
 ParOldGen       total 71680K, used 32962K [0x00000000c1800000, 0x00000000c5e00000, 0x00000000eb300000)
  object space 71680K, 45% used [0x00000000c1800000,0x00000000c3830968,0x00000000c5e00000)
 Metaspace       used 58192K, capacity 58749K, committed 58968K, reserved 1099776K
  class space    used 7801K, capacity 7954K, committed 8064K, reserved 1048576K
Event: 65.997 GC heap after
Heap after GC invocations=23 (full 2):
 PSYoungGen      total 251904K, used 14741K [0x00000000eb300000, 0x00000000fd800000, 0x0000000100000000)
  eden space 234496K, 0% used [0x00000000eb300000,0x00000000eb300000,0x00000000f9800000)
  from space 17408K, 84% used [0x00000000f9800000,0x00000000fa6655a8,0x00000000fa900000)
  to   space 18944K, 0% used [0x00000000fc580000,0x00000000fc580000,0x00000000fd800000)
 ParOldGen       total 71680K, used 32970K [0x00000000c1800000, 0x00000000c5e00000, 0x00000000eb300000)
  object space 71680K, 45% used [0x00000000c1800000,0x00000000c3832968,0x00000000c5e00000)
 Metaspace       used 58192K, capacity 58749K, committed 58968K, reserved 1099776K
  class space    used 7801K, capacity 7954K, committed 8064K, reserved 1048576K
}
Event: 65.997 GC heap before
{Heap before GC invocations=24 (full 3):
 PSYoungGen      total 251904K, used 14741K [0x00000000eb300000, 0x00000000fd800000, 0x0000000100000000)
  eden space 234496K, 0% used [0x00000000eb300000,0x00000000eb300000,0x00000000f9800000)
  from space 17408K, 84% used [0x00000000f9800000,0x00000000fa6655a8,0x00000000fa900000)
  to   space 18944K, 0% used [0x00000000fc580000,0x00000000fc580000,0x00000000fd800000)
 ParOldGen       total 71680K, used 32970K [0x00000000c1800000, 0x00000000c5e00000, 0x00000000eb300000)
  object space 71680K, 45% used [0x00000000c1800000,0x00000000c3832968,0x00000000c5e00000)
 Metaspace       used 58192K, capacity 58749K, committed 58968K, reserved 1099776K
  class space    used 7801K, capacity 7954K, committed 8064K, reserved 1048576K
Event: 66.218 GC heap after
Heap after GC invocations=24 (full 3):
 PSYoungGen      total 251904K, used 0K [0x00000000eb300000, 0x00000000fd800000, 0x0000000100000000)
  eden space 234496K, 0% used [0x00000000eb300000,0x00000000eb300000,0x00000000f9800000)
  from space 17408K, 0% used [0x00000000f9800000,0x00000000f9800000,0x00000000fa900000)
  to   space 18944K, 0% used [0x00000000fc580000,0x00000000fc580000,0x00000000fd800000)
 ParOldGen       total 93184K, used 29485K [0x00000000c1800000, 0x00000000c7300000, 0x00000000eb300000)
  object space 93184K, 31% used [0x00000000c1800000,0x00000000c34cb700,0x00000000c7300000)
 Metaspace       used 58121K, capacity 58629K, committed 58968K, reserved 1099776K
  class space    used 7790K, capacity 7934K, committed 8064K, reserved 1048576K
}

Deoptimization events (10 events):
Event: 65.832 Thread 0x000000000280c000 Uncommon trap: reason=unhandled action=none pc=0x000000000312ffd0 method=java.net.URLClassLoader.findClass(Ljava/lang/String;)Ljava/lang/Class; @ 44
Event: 65.833 Thread 0x000000000280c000 Uncommon trap: reason=unhandled action=none pc=0x0000000003475c54 method=java.net.URLClassLoader.findClass(Ljava/lang/String;)Ljava/lang/Class; @ 44
Event: 65.903 Thread 0x000000000280c000 Uncommon trap: reason=unhandled action=none pc=0x0000000003a83b84 method=org.apache.xerces.impl.XMLEntityScanner.load(IZ)Z @ 170
Event: 66.282 Thread 0x000000000280c000 Uncommon trap: reason=unhandled action=none pc=0x000000000312ffd0 method=java.net.URLClassLoader.findClass(Ljava/lang/String;)Ljava/lang/Class; @ 44
Event: 66.285 Thread 0x000000000280c000 Uncommon trap: reason=unhandled action=none pc=0x000000000312ffd0 method=java.net.URLClassLoader.findClass(Ljava/lang/String;)Ljava/lang/Class; @ 44
Event: 66.287 Thread 0x000000000280c000 Uncommon trap: reason=unhandled action=none pc=0x000000000312ffd0 method=java.net.URLClassLoader.findClass(Ljava/lang/String;)Ljava/lang/Class; @ 44
Event: 66.290 Thread 0x000000000280c000 Uncommon trap: reason=unhandled action=none pc=0x000000000312ffd0 method=java.net.URLClassLoader.findClass(Ljava/lang/String;)Ljava/lang/Class; @ 44
Event: 66.292 Thread 0x000000000280c000 Uncommon trap: reason=unhandled action=none pc=0x000000000312ffd0 method=java.net.URLClassLoader.findClass(Ljava/lang/String;)Ljava/lang/Class; @ 44
Event: 66.295 Thread 0x000000000280c000 Uncommon trap: reason=unhandled action=none pc=0x000000000312ffd0 method=java.net.URLClassLoader.findClass(Ljava/lang/String;)Ljava/lang/Class; @ 44
Event: 66.296 Thread 0x000000000280c000 Uncommon trap: reason=unhandled action=none pc=0x000000000312ffd0 method=java.net.URLClassLoader.findClass(Ljava/lang/String;)Ljava/lang/Class; @ 44

Classes redefined (0 events):
No events

Internal exceptions (10 events):
Event: 65.559 Thread 0x000000000280c000 Exception <a 'java/lang/NoClassDefFoundError': com/ibm/jms/JMSMessage> (0x00000000efa0f0d8) thrown at [C:\re\workspace\8-2-build-windows-amd64-cygwin\jdk8u161\10277\hotspot\src\share\vm\oops\constantPool.cpp, line 235]
Event: 65.560 Thread 0x000000000280c000 Exception <a 'java/lang/reflect/InvocationTargetException'> (0x00000000efa0f4c8) thrown at [C:\re\workspace\8-2-build-windows-amd64-cygwin\jdk8u161\10277\hotspot\src\share\vm\runtime\reflection.cpp, line 1092]
Event: 65.561 Thread 0x000000000280c000 Exception <a 'java/lang/NoClassDefFoundError': com/ibm/jms/JMSMessage> (0x00000000efa13f58) thrown at [C:\re\workspace\8-2-build-windows-amd64-cygwin\jdk8u161\10277\hotspot\src\share\vm\oops\constantPool.cpp, line 235]
Event: 65.561 Thread 0x000000000280c000 Exception <a 'java/lang/reflect/InvocationTargetException'> (0x00000000efa14348) thrown at [C:\re\workspace\8-2-build-windows-amd64-cygwin\jdk8u161\10277\hotspot\src\share\vm\runtime\reflection.cpp, line 1092]
Event: 65.562 Thread 0x000000000280c000 Exception <a 'java/lang/NoClassDefFoundError': com/ibm/jms/JMSMessage> (0x00000000efa18d88) thrown at [C:\re\workspace\8-2-build-windows-amd64-cygwin\jdk8u161\10277\hotspot\src\share\vm\oops\constantPool.cpp, line 235]
Event: 65.562 Thread 0x000000000280c000 Exception <a 'java/lang/reflect/InvocationTargetException'> (0x00000000efa19178) thrown at [C:\re\workspace\8-2-build-windows-amd64-cygwin\jdk8u161\10277\hotspot\src\share\vm\runtime\reflection.cpp, line 1092]
Event: 65.563 Thread 0x000000000280c000 Exception <a 'java/lang/NoClassDefFoundError': com/ibm/jms/JMSMessage> (0x00000000efa1dbb8) thrown at [C:\re\workspace\8-2-build-windows-amd64-cygwin\jdk8u161\10277\hotspot\src\share\vm\oops\constantPool.cpp, line 235]
Event: 65.564 Thread 0x000000000280c000 Exception <a 'java/lang/reflect/InvocationTargetException'> (0x00000000efa1dfa8) thrown at [C:\re\workspace\8-2-build-windows-amd64-cygwin\jdk8u161\10277\hotspot\src\share\vm\runtime\reflection.cpp, line 1092]
Event: 65.565 Thread 0x000000000280c000 Exception <a 'java/lang/NoClassDefFoundError': com/ibm/jms/JMSMessage> (0x00000000efa229e8) thrown at [C:\re\workspace\8-2-build-windows-amd64-cygwin\jdk8u161\10277\hotspot\src\share\vm\oops\constantPool.cpp, line 235]
Event: 65.566 Thread 0x000000000280c000 Exception <a 'java/lang/reflect/InvocationTargetException'> (0x00000000efa22dd8) thrown at [C:\re\workspace\8-2-build-windows-amd64-cygwin\jdk8u161\10277\hotspot\src\share\vm\runtime\reflection.cpp, line 1092]

Events (10 events):
Event: 66.308 Thread 0x000000001c3aa800 DEOPT PACKING pc=0x0000000003afb474 sp=0x000000002477f160
Event: 66.308 Thread 0x000000001c3aa800 DEOPT UNPACKING pc=0x0000000002a47890 sp=0x000000002477eec0 mode 1
Event: 66.308 Executing VM operation: RevokeBias
Event: 66.308 Executing VM operation: RevokeBias done
Event: 66.308 Executing VM operation: RevokeBias
Event: 66.309 Executing VM operation: RevokeBias done
Event: 66.309 Thread 0x000000001c3aa800 Thread exited: 0x000000001c3aa800
Event: 66.310 Thread 0x000000001c3b0000 Thread exited: 0x000000001c3b0000
Event: 66.310 Thread 0x0000000016383000 Thread exited: 0x0000000016383000
Event: 66.310 Executing VM operation: Exit


Dynamic libraries:
0x00007ff67a630000 - 0x00007ff67a667000 	D:\program file\Java\jdk1.8.0_161\bin\javaw.exe
0x00007fffdd020000 - 0x00007fffdd20d000 	C:\WINDOWS\SYSTEM32\ntdll.dll
0x00007fffda520000 - 0x00007fffda5d3000 	C:\WINDOWS\System32\KERNEL32.DLL
0x00007fffd9660000 - 0x00007fffd98f3000 	C:\WINDOWS\System32\KERNELBASE.dll
0x00007fffda470000 - 0x00007fffda513000 	C:\WINDOWS\System32\ADVAPI32.dll
0x00007fffdccc0000 - 0x00007fffdcd5e000 	C:\WINDOWS\System32\msvcrt.dll
0x00007fffdbfb0000 - 0x00007fffdc04e000 	C:\WINDOWS\System32\sechost.dll
0x00007fffdc6e0000 - 0x00007fffdc802000 	C:\WINDOWS\System32\RPCRT4.dll
0x00007fffdc4b0000 - 0x00007fffdc647000 	C:\WINDOWS\System32\USER32.dll
0x00007fffd9a90000 - 0x00007fffd9ab0000 	C:\WINDOWS\System32\win32u.dll
0x00007fffdcc90000 - 0x00007fffdccb9000 	C:\WINDOWS\System32\GDI32.dll
0x00007fffd92d0000 - 0x00007fffd946a000 	C:\WINDOWS\System32\gdi32full.dll
0x00007fffd95a0000 - 0x00007fffd9640000 	C:\WINDOWS\System32\msvcp_win.dll
0x00007fffd9900000 - 0x00007fffd99fc000 	C:\WINDOWS\System32\ucrtbase.dll
0x00007fffcb550000 - 0x00007fffcb7c9000 	C:\WINDOWS\WinSxS\amd64_microsoft.windows.common-controls_6595b64144ccf1df_6.0.17763.253_none_05b2388e0721fece\COMCTL32.dll
0x00007fffdbc20000 - 0x00007fffdbf4d000 	C:\WINDOWS\System32\combase.dll
0x00007fffd9470000 - 0x00007fffd94ee000 	C:\WINDOWS\System32\bcryptPrimitives.dll
0x00007fffdcf60000 - 0x00007fffdcf8e000 	C:\WINDOWS\System32\IMM32.DLL
0x000000005d7a0000 - 0x000000005d872000 	D:\program file\Java\jdk1.8.0_161\jre\bin\msvcr100.dll
0x000000005db40000 - 0x000000005e3df000 	D:\program file\Java\jdk1.8.0_161\jre\bin\server\jvm.dll
0x00007fffda460000 - 0x00007fffda468000 	C:\WINDOWS\System32\PSAPI.DLL
0x00007fffd0880000 - 0x00007fffd08a4000 	C:\WINDOWS\SYSTEM32\WINMM.dll
0x00007fffbf7c0000 - 0x00007fffbf7c9000 	C:\WINDOWS\SYSTEM32\WSOCK32.dll
0x00007fffd00f0000 - 0x00007fffd00fa000 	C:\WINDOWS\SYSTEM32\VERSION.dll
0x00007fffd0850000 - 0x00007fffd087d000 	C:\WINDOWS\SYSTEM32\WINMMBASE.dll
0x00007fffdce20000 - 0x00007fffdce8d000 	C:\WINDOWS\System32\WS2_32.dll
0x00007fffda200000 - 0x00007fffda24a000 	C:\WINDOWS\System32\cfgmgr32.dll
0x000000005f860000 - 0x000000005f86f000 	D:\program file\Java\jdk1.8.0_161\jre\bin\verify.dll
0x000000005f830000 - 0x000000005f859000 	D:\program file\Java\jdk1.8.0_161\jre\bin\java.dll
0x000000005e400000 - 0x000000005e435000 	D:\program file\Java\jdk1.8.0_161\jre\bin\jdwp.dll
0x000000005d790000 - 0x000000005d798000 	D:\program file\Java\jdk1.8.0_161\jre\bin\npt.dll
0x000000005f810000 - 0x000000005f826000 	D:\program file\Java\jdk1.8.0_161\jre\bin\zip.dll
0x00007fffda710000 - 0x00007fffdbbff000 	C:\WINDOWS\System32\SHELL32.dll
0x00007fffda5e0000 - 0x00007fffda688000 	C:\WINDOWS\System32\shcore.dll
0x00007fffd9ab0000 - 0x00007fffda1fa000 	C:\WINDOWS\System32\windows.storage.dll
0x00007fffd9020000 - 0x00007fffd9044000 	C:\WINDOWS\System32\profapi.dll
0x00007fffd9090000 - 0x00007fffd90ed000 	C:\WINDOWS\System32\powrprof.dll
0x00007fffdbf50000 - 0x00007fffdbfa2000 	C:\WINDOWS\System32\shlwapi.dll
0x00007fffd9070000 - 0x00007fffd9081000 	C:\WINDOWS\System32\kernel.appcore.dll
0x00007fffd9640000 - 0x00007fffd9657000 	C:\WINDOWS\System32\cryptsp.dll
0x000000005d780000 - 0x000000005d789000 	D:\program file\Java\jdk1.8.0_161\jre\bin\dt_socket.dll
0x00007fffbed40000 - 0x00007fffbed56000 	C:\WINDOWS\system32\napinsp.dll
0x00007fffbed20000 - 0x00007fffbed3a000 	C:\WINDOWS\system32\pnrpnsp.dll
0x00007fffd88b0000 - 0x00007fffd8917000 	C:\WINDOWS\System32\mswsock.dll
0x00007fffd8650000 - 0x00007fffd8716000 	C:\WINDOWS\SYSTEM32\DNSAPI.dll
0x00007fffdc650000 - 0x00007fffdc658000 	C:\WINDOWS\System32\NSI.dll
0x00007fffd8610000 - 0x00007fffd864d000 	C:\WINDOWS\SYSTEM32\IPHLPAPI.DLL
0x00007fffbf7a0000 - 0x00007fffbf7ae000 	C:\WINDOWS\System32\winrnr.dll
0x00007fffd5da0000 - 0x00007fffd5dbb000 	C:\WINDOWS\system32\NLAapi.dll
0x00007fffd2cf0000 - 0x00007fffd2d05000 	C:\WINDOWS\system32\wshbth.dll
0x00007fffcb220000 - 0x00007fffcb299000 	C:\WINDOWS\System32\fwpuclnt.dll
0x00007fffd9a00000 - 0x00007fffd9a26000 	C:\WINDOWS\System32\bcrypt.dll
0x00007fffcb060000 - 0x00007fffcb06a000 	C:\Windows\System32\rasadhlp.dll
0x000000005f7f0000 - 0x000000005f80a000 	D:\program file\Java\jdk1.8.0_161\jre\bin\net.dll
0x000000005f7c0000 - 0x000000005f7cd000 	D:\program file\Java\jdk1.8.0_161\jre\bin\management.dll
0x000000005f7d0000 - 0x000000005f7e1000 	D:\program file\Java\jdk1.8.0_161\jre\bin\nio.dll
0x00007fffd2250000 - 0x00007fffd2266000 	C:\WINDOWS\SYSTEM32\dhcpcsvc6.DLL
0x00007fffd1b30000 - 0x00007fffd1b4c000 	C:\WINDOWS\SYSTEM32\dhcpcsvc.DLL
0x00007fffd8470000 - 0x00007fffd84a3000 	C:\WINDOWS\system32\rsaenh.dll
0x00007fffd8f50000 - 0x00007fffd8f78000 	C:\WINDOWS\SYSTEM32\USERENV.dll
0x00007fffd8a80000 - 0x00007fffd8a8c000 	C:\WINDOWS\SYSTEM32\CRYPTBASE.dll
0x00007fffbe920000 - 0x00007fffbeb0d000 	C:\WINDOWS\SYSTEM32\dbghelp.dll

VM Arguments:
jvm_args: -agentlib:jdwp=transport=dt_socket,suspend=y,address=localhost:64865 -Djava.library.path=D:\mulework1\application\src\main\app\lib -DmunitProjectName=application -Dlog4j.skipJansi=true -Dmule.testingMode=true -Dmule.debug.enable=true -Dmule.debug.suspend=true -Dmule.debug.port=6666 -Dmunit.test.app.name=application -Dfile.encoding=GBK 
java_command: org.mule.munit.remote.RemoteRunner -suites src/test/munit/new-test-baseinfo.xml -port 64860 -run_token 6850c884-f14d-4561-9942-0464f73ad73b -test_name < -mode socket -project_name application -run_coverage -application_paths application.xml
java_class_path (initial): D:\mulework1\application/classes;D:\mulework1\application/target/test-classes;D:\mulework1\application/target/classes;D:\program file\Java\jdk1.8.0_161\jre\lib\resources.jar;D:\program file\Java\jdk1.8.0_161\jre\lib\rt.jar;D:\program file\Java\jdk1.8.0_161\jre\lib\jsse.jar;D:\program file\Java\jdk1.8.0_161\jre\lib\jce.jar;D:\program file\Java\jdk1.8.0_161\jre\lib\charsets.jar;D:\program file\Java\jdk1.8.0_161\jre\lib\jfr.jar;D:\program file\Java\jdk1.8.0_161\jre\lib\ext\access-bridge-64.jar;D:\program file\Java\jdk1.8.0_161\jre\lib\ext\cldrdata.jar;D:\program file\Java\jdk1.8.0_161\jre\lib\ext\dnsns.jar;D:\program file\Java\jdk1.8.0_161\jre\lib\ext\jaccess.jar;D:\program file\Java\jdk1.8.0_161\jre\lib\ext\jfxrt.jar;D:\program file\Java\jdk1.8.0_161\jre\lib\ext\localedata.jar;D:\program file\Java\jdk1.8.0_161\jre\lib\ext\nashorn.jar;D:\program file\Java\jdk1.8.0_161\jre\lib\ext\sunec.jar;D:\program file\Java\jdk1.8.0_161\jre\lib\ext\sunjce_provider.jar;D:\program file\Java\jdk1.8.0_161\jre\lib\ext\sunmscapi.jar;D:\program file\Java\jdk1.8.0_161\jre\lib\ext\sunpkcs11.jar;D:\program file\Java\jdk1.8.0_161\jre\lib\ext\zipfs.jar;D:\mulework1\application\target\test-classes;D:\mulework1\application\target\classes;D:\BaiduNetdiskDownload\新建文件夹 (2)\as\AnypointStudio\plugins\org.mule.tooling.server.3.9.1.ee_6.4.2.201804231909\mule\lib\boot\commons-cli-1.2.jar;D:\BaiduNetdiskDownload\新建文件夹 (2)\as\AnypointStudio\plugins\org.mule.tooling.server.3.9.1.ee_6.4.2.201804231909\mule\lib\boot\commons-codec-1.9.jar;D:\BaiduNetdiskDownload\新建文件夹 (2)\as\AnypointStudio\plugins\org.mule.tooling.server.3.9.1.ee_6.4.2.201804231909\mule\lib\boot\disruptor-3.3.0.jar;D:\BaiduNetdiskDownload\新建文件夹 (2)\as\AnypointStudio\plugins\org.mule.tooling.server.3.9.1.ee_6.4.2.201804231909\mule\lib\boot\jcl-over-slf4j-1.7.24.jar;D:\BaiduNetdiskDownload\新建文件夹 (2)\as\AnypointStudio\plugins\org.mule.tooling.server.3.9.1.ee_6.4.2.201804231909\mule\lib\boot\l
Launcher Type: SUN_STANDARD

Environment Variables:
JAVA_HOME=D:\program file\Java\jdk1.8.0_161
PATH=D:/program file/Java/jdk1.8.0_161/bin/../jre/bin/server;D:/program file/Java/jdk1.8.0_161/bin/../jre/bin;D:/program file/Java/jdk1.8.0_161/bin/../jre/lib/amd64;C:\app\wangshuaitong\product\11.2.0\dbhome_1\bin;C:\ProgramData\Oracle\Java\javapath;C:\WINDOWS\system32;C:\WINDOWS;C:\WINDOWS\System32\Wbem;C:\WINDOWS\System32\WindowsPowerShell\v1.0\;D:\program file\Java\jdk1.8.0_161\bin;D:\program file\Java\jdk1.8.0_161\jre\bin;D:\mysql-5.7.17-winx64\bin;C:\WINDOWS\System32\OpenSSH\;C:\QuickStart;D:\program file\Git\cmd;D:\apache-maven-3.5.2\bin;D:\program file\node-v10.14.2-win-x64;D:\program file\TortoiseGit\bin;D:\program file\Scripts\;D:\program file\;C:\Users\55091\AppData\Local\Programs\Python\Launcher\;C:\Users\55091\AppData\Local\Microsoft\WindowsApps;;D:\program file\Microsoft VS Code\bin;D:\BaiduNetdiskDownload\新建文件夹 (2)\as\AnypointStudio;
USERNAME=wangshuaitong
OS=Windows_NT
PROCESSOR_IDENTIFIER=Intel64 Family 6 Model 78 Stepping 3, GenuineIntel



---------------  S Y S T E M  ---------------

OS: Windows 10.0 , 64 bit Build 17763 (10.0.17763.1)

CPU:total 4 (initial active 4) (2 cores per cpu, 2 threads per core) family 6 model 78 stepping 3, cmov, cx8, fxsr, mmx, sse, sse2, sse3, ssse3, sse4.1, sse4.2, popcnt, avx, avx2, aes, clmul, erms, 3dnowpref, lzcnt, ht, tsc, tscinvbit, bmi1, bmi2, adx

Memory: 4k page, physical 4094968k(546112k free), swap 13957608k(1550368k free)

vm_info: Java HotSpot(TM) 64-Bit Server VM (25.161-b12) for windows-amd64 JRE (1.8.0_161-b12), built on Dec 19 2017 17:52:25 by "java_re" with MS VC++ 10.0 (VS2010)

time: Wed Jan 16 18:11:03 2019
elapsed time: 66 seconds (0d 0h 1m 6s)

